TN:
SF:src/components/admin/index.js
FNF:0
FNH:0
LF:0
LH:0
BRF:0
BRH:0
end_of_record
TN:
SF:src/components/game/index.js
FNF:0
FNH:0
LF:0
LH:0
BRF:0
BRH:0
end_of_record
TN:
SF:src/components/ui/index.js
FNF:0
FNH:0
LF:0
LH:0
BRF:0
BRH:0
end_of_record
TN:
SF:src/constants/gameConstants.js
FNF:0
FNH:0
DA:4,5
DA:5,5
DA:8,5
DA:9,5
DA:10,5
DA:11,5
DA:14,5
DA:15,5
DA:16,5
DA:19,5
DA:20,5
DA:23,5
DA:24,5
DA:25,5
DA:28,5
DA:41,5
DA:54,5
DA:61,5
DA:68,5
LF:19
LH:19
BRF:0
BRH:0
end_of_record
TN:
SF:src/hooks/gameHooks.js
FN:7,(anonymous_0)
FN:11,(anonymous_1)
FN:12,(anonymous_2)
FN:27,(anonymous_3)
FN:28,(anonymous_4)
FN:91,(anonymous_5)
FN:95,(anonymous_6)
FN:113,(anonymous_7)
FNF:8
FNH:0
FNDA:0,(anonymous_0)
FNDA:0,(anonymous_1)
FNDA:0,(anonymous_2)
FNDA:0,(anonymous_3)
FNDA:0,(anonymous_4)
FNDA:0,(anonymous_5)
FNDA:0,(anonymous_6)
FNDA:0,(anonymous_7)
DA:7,0
DA:8,0
DA:9,0
DA:11,0
DA:12,0
DA:13,0
DA:14,0
DA:15,0
DA:16,0
DA:20,0
DA:23,0
DA:27,0
DA:28,0
DA:29,0
DA:32,0
DA:33,0
DA:36,0
DA:37,0
DA:40,0
DA:43,0
DA:45,0
DA:48,0
DA:49,0
DA:50,0
DA:52,0
DA:54,0
DA:56,0
DA:59,0
DA:60,0
DA:61,0
DA:62,0
DA:63,0
DA:64,0
DA:65,0
DA:67,0
DA:72,0
DA:74,0
DA:75,0
DA:77,0
DA:79,0
DA:81,0
DA:84,0
DA:87,0
DA:91,0
DA:92,0
DA:95,0
DA:96,0
DA:97,0
DA:98,0
DA:101,0
DA:102,0
DA:103,0
DA:106,0
DA:108,0
DA:113,0
DA:114,0
DA:115,0
DA:119,0
LF:58
LH:0
BRDA:13,0,0,0
BRDA:13,0,1,0
BRDA:29,1,0,0
BRDA:29,1,1,0
BRDA:29,2,0,0
BRDA:29,2,1,0
BRDA:29,2,2,0
BRDA:32,3,0,0
BRDA:32,3,1,0
BRDA:32,4,0,0
BRDA:32,4,1,0
BRDA:36,5,0,0
BRDA:36,5,1,0
BRDA:36,6,0,0
BRDA:36,6,1,0
BRDA:43,7,0,0
BRDA:43,7,1,0
BRDA:54,8,0,0
BRDA:54,8,1,0
BRDA:54,9,0,0
BRDA:54,9,1,0
BRDA:54,9,2,0
BRDA:54,9,3,0
BRDA:62,10,0,0
BRDA:62,10,1,0
BRDA:62,11,0,0
BRDA:62,11,1,0
BRDA:62,11,2,0
BRDA:62,11,3,0
BRDA:64,12,0,0
BRDA:64,12,1,0
BRDA:72,13,0,0
BRDA:72,13,1,0
BRDA:74,14,0,0
BRDA:74,14,1,0
BRDA:79,15,0,0
BRDA:79,15,1,0
BRDA:79,16,0,0
BRDA:79,16,1,0
BRDA:79,16,2,0
BRDA:98,17,0,0
BRDA:98,17,1,0
BRDA:101,18,0,0
BRDA:101,18,1,0
BRDA:114,19,0,0
BRDA:114,19,1,0
BRF:46
BRH:0
end_of_record
TN:
SF:src/hooks/performanceHooks.js
FN:12,(anonymous_0)
FN:18,(anonymous_1)
FN:22,(anonymous_2)
FN:33,(anonymous_3)
FN:40,(anonymous_4)
FN:47,(anonymous_5)
FN:66,(anonymous_6)
FN:69,(anonymous_7)
FN:84,(anonymous_8)
FN:87,(anonymous_9)
FN:92,(anonymous_10)
FN:105,(anonymous_11)
FN:107,(anonymous_12)
FN:109,(anonymous_13)
FN:133,(anonymous_14)
FN:136,(anonymous_15)
FN:140,(anonymous_16)
FN:150,(anonymous_17)
FN:153,(anonymous_18)
FNF:19
FNH:0
FNDA:0,(anonymous_0)
FNDA:0,(anonymous_1)
FNDA:0,(anonymous_2)
FNDA:0,(anonymous_3)
FNDA:0,(anonymous_4)
FNDA:0,(anonymous_5)
FNDA:0,(anonymous_6)
FNDA:0,(anonymous_7)
FNDA:0,(anonymous_8)
FNDA:0,(anonymous_9)
FNDA:0,(anonymous_10)
FNDA:0,(anonymous_11)
FNDA:0,(anonymous_12)
FNDA:0,(anonymous_13)
FNDA:0,(anonymous_14)
FNDA:0,(anonymous_15)
FNDA:0,(anonymous_16)
FNDA:0,(anonymous_17)
FNDA:0,(anonymous_18)
DA:12,0
DA:13,0
DA:14,0
DA:15,0
DA:18,0
DA:19,0
DA:22,0
DA:23,0
DA:25,0
DA:26,0
DA:27,0
DA:30,0
DA:33,0
DA:34,0
DA:35,0
DA:36,0
DA:40,0
DA:41,0
DA:42,0
DA:43,0
DA:47,0
DA:48,0
DA:49,0
DA:51,0
DA:54,0
DA:57,0
DA:66,0
DA:67,0
DA:69,0
DA:70,0
DA:71,0
DA:72,0
DA:73,0
DA:84,0
DA:85,0
DA:87,0
DA:88,0
DA:89,0
DA:92,0
DA:93,0
DA:105,0
DA:106,0
DA:107,0
DA:109,0
DA:110,0
DA:111,0
DA:114,0
DA:117,0
DA:118,0
DA:119,0
DA:122,0
DA:123,0
DA:133,0
DA:134,0
DA:136,0
DA:137,0
DA:140,0
DA:141,0
DA:150,0
DA:151,0
DA:153,0
DA:154,0
DA:155,0
DA:156,0
DA:160,0
LF:65
LH:0
BRDA:12,0,0,0
BRDA:23,1,0,0
BRDA:23,1,1,0
BRDA:25,2,0,0
BRDA:25,2,1,0
BRDA:34,3,0,0
BRDA:34,3,1,0
BRDA:34,4,0,0
BRDA:34,4,1,0
BRDA:41,5,0,0
BRDA:41,5,1,0
BRDA:48,6,0,0
BRDA:48,6,1,0
BRDA:71,7,0,0
BRDA:71,7,1,0
BRDA:88,8,0,0
BRDA:88,8,1,0
BRDA:105,9,0,0
BRDA:110,10,0,0
BRDA:110,10,1,0
BRDA:117,11,0,0
BRDA:117,11,1,0
BRDA:155,12,0,0
BRDA:155,12,1,0
BRF:24
BRH:0
end_of_record
TN:
SF:src/hooks/useAppState.js
FN:9,(anonymous_0)
FN:13,(anonymous_1)
FN:14,(anonymous_2)
FN:15,(anonymous_3)
FN:16,(anonymous_4)
FN:17,(anonymous_5)
FN:18,(anonymous_6)
FN:19,(anonymous_7)
FN:20,(anonymous_8)
FN:21,(anonymous_9)
FN:22,(anonymous_10)
FN:23,(anonymous_11)
FN:24,(anonymous_12)
FN:25,(anonymous_13)
FN:26,(anonymous_14)
FN:30,(anonymous_15)
FN:52,(anonymous_16)
FN:57,(anonymous_17)
FNF:18
FNH:0
FNDA:0,(anonymous_0)
FNDA:0,(anonymous_1)
FNDA:0,(anonymous_2)
FNDA:0,(anonymous_3)
FNDA:0,(anonymous_4)
FNDA:0,(anonymous_5)
FNDA:0,(anonymous_6)
FNDA:0,(anonymous_7)
FNDA:0,(anonymous_8)
FNDA:0,(anonymous_9)
FNDA:0,(anonymous_10)
FNDA:0,(anonymous_11)
FNDA:0,(anonymous_12)
FNDA:0,(anonymous_13)
FNDA:0,(anonymous_14)
FNDA:0,(anonymous_15)
FNDA:0,(anonymous_16)
FNDA:0,(anonymous_17)
DA:9,0
DA:10,0
DA:13,0
DA:14,0
DA:15,0
DA:16,0
DA:17,0
DA:18,0
DA:19,0
DA:20,0
DA:21,0
DA:22,0
DA:23,0
DA:24,0
DA:25,0
DA:26,0
DA:30,0
DA:31,0
DA:52,0
DA:53,0
DA:57,0
DA:58,0
DA:61,0
LF:23
LH:0
BRDA:31,0,0,0
BRDA:31,0,1,0
BRF:2
BRH:0
end_of_record
TN:
SF:src/services/brushService.js
FN:13,(anonymous_0)
FN:39,(anonymous_1)
FN:45,(anonymous_2)
FN:54,(anonymous_3)
FN:64,(anonymous_4)
FN:71,(anonymous_5)
FN:72,(anonymous_6)
FN:73,(anonymous_7)
FN:74,(anonymous_8)
FN:84,(anonymous_9)
FN:89,(anonymous_10)
FN:94,(anonymous_11)
FN:103,(anonymous_12)
FNF:13
FNH:13
FNDA:2,(anonymous_0)
FNDA:7,(anonymous_1)
FNDA:5,(anonymous_2)
FNDA:9,(anonymous_3)
FNDA:13,(anonymous_4)
FNDA:33,(anonymous_5)
FNDA:33,(anonymous_6)
FNDA:33,(anonymous_7)
FNDA:33,(anonymous_8)
FNDA:17,(anonymous_9)
FNDA:4,(anonymous_10)
FNDA:4,(anonymous_11)
FNDA:4,(anonymous_12)
DA:14,2
DA:16,2
DA:17,18
DA:18,18
DA:19,9
DA:20,0
DA:21,0
DA:22,0
DA:23,0
DA:26,9
DA:30,2
DA:40,7
DA:41,5
DA:44,2
DA:45,5
DA:55,9
DA:65,13
DA:67,10
DA:68,10
DA:71,33
DA:72,33
DA:73,33
DA:74,33
DA:76,9
DA:77,9
DA:81,9
DA:84,17
DA:85,5
DA:89,4
DA:90,1
DA:94,1
DA:95,4
DA:96,4
DA:97,4
DA:99,1
DA:103,1
DA:104,4
DA:105,4
DA:106,4
DA:108,1
DA:111,1
DA:114,8
LF:42
LH:38
BRDA:19,0,0,0
BRDA:19,0,1,9
BRDA:40,1,0,5
BRDA:40,1,1,2
BRDA:40,2,0,7
BRDA:40,2,1,5
BRDA:40,2,2,4
BRDA:55,3,0,9
BRDA:55,3,1,7
BRDA:55,3,2,5
BRDA:65,4,0,3
BRDA:65,4,1,10
BRDA:65,5,0,13
BRDA:65,5,1,11
BRDA:68,6,0,1
BRDA:68,6,1,9
BRDA:81,7,0,5
BRDA:81,7,1,1
BRDA:81,7,2,1
BRDA:81,7,3,1
BRDA:81,7,4,1
BRF:21
BRH:20
end_of_record
TN:
SF:src/services/challengeService.js
FN:13,(anonymous_0)
FN:42,(anonymous_1)
FN:90,(anonymous_2)
FN:124,(anonymous_3)
FN:137,(anonymous_4)
FNF:5
FNH:0
FNDA:0,(anonymous_0)
FNDA:0,(anonymous_1)
FNDA:0,(anonymous_2)
FNDA:0,(anonymous_3)
FNDA:0,(anonymous_4)
DA:14,0
DA:17,0
DA:18,0
DA:19,0
DA:20,0
DA:21,0
DA:22,0
DA:29,0
DA:33,0
DA:43,0
DA:45,0
DA:46,0
DA:47,0
DA:50,0
DA:51,0
DA:54,0
DA:55,0
DA:56,0
DA:57,0
DA:58,0
DA:59,0
DA:61,0
DA:67,0
DA:68,0
DA:69,0
DA:72,0
DA:74,0
DA:77,0
DA:79,0
DA:80,0
DA:93,0
DA:94,0
DA:95,0
DA:96,0
DA:98,0
DA:101,0
DA:111,0
DA:116,0
DA:125,0
DA:126,0
DA:127,0
DA:129,0
DA:138,0
DA:139,0
DA:140,0
DA:142,0
LF:46
LH:0
BRDA:20,0,0,0
BRDA:20,0,1,0
BRDA:24,1,0,0
BRDA:24,1,1,0
BRDA:42,2,0,0
BRDA:46,3,0,0
BRDA:46,3,1,0
BRDA:54,4,0,0
BRDA:54,4,1,0
BRDA:56,5,0,0
BRDA:56,5,1,0
BRDA:68,6,0,0
BRDA:68,6,1,0
BRDA:93,7,0,0
BRDA:93,7,1,0
BRDA:95,8,0,0
BRDA:95,8,1,0
BRDA:98,9,0,0
BRDA:98,9,1,0
BRDA:103,10,0,0
BRDA:103,10,1,0
BRDA:104,11,0,0
BRDA:104,11,1,0
BRDA:105,12,0,0
BRDA:105,12,1,0
BRDA:106,13,0,0
BRDA:106,13,1,0
BRDA:107,14,0,0
BRDA:107,14,1,0
BRDA:108,15,0,0
BRDA:108,15,1,0
BRF:31
BRH:0
end_of_record
TN:
SF:src/services/gameService.js
FN:14,(anonymous_0)
FN:22,(anonymous_1)
FN:61,(anonymous_2)
FN:70,(anonymous_3)
FN:82,(anonymous_4)
FN:102,(anonymous_5)
FN:111,(anonymous_6)
FN:113,(anonymous_7)
FN:121,(anonymous_8)
FN:148,(anonymous_9)
FN:150,(anonymous_10)
FN:160,(anonymous_11)
FNF:12
FNH:10
FNDA:106,(anonymous_0)
FNDA:1442,(anonymous_1)
FNDA:2,(anonymous_2)
FNDA:5,(anonymous_3)
FNDA:0,(anonymous_4)
FNDA:5,(anonymous_5)
FNDA:75,(anonymous_6)
FNDA:27942,(anonymous_7)
FNDA:2,(anonymous_8)
FNDA:3,(anonymous_9)
FNDA:2,(anonymous_10)
FNDA:0,(anonymous_11)
DA:15,106
DA:17,103
DA:18,103
DA:22,1442
DA:25,103
DA:28,103
DA:29,1442
DA:30,31604
DA:33,31604
DA:34,252832
DA:35,252832
DA:36,252832
DA:37,235928
DA:42,31604
DA:44,1935
DA:47,29669
DA:52,103
DA:62,2
DA:65,2
DA:66,0
DA:67,0
DA:70,5
DA:84,0
DA:85,0
DA:88,0
DA:89,0
DA:90,0
DA:91,0
DA:93,0
DA:94,0
DA:103,5
DA:112,75
DA:113,27942
DA:122,2
DA:123,0
DA:126,2
DA:127,2
DA:129,2
DA:130,6
DA:131,21
DA:132,3
DA:133,3
DA:134,3
DA:135,3
DA:140,2
DA:149,3
DA:150,2
DA:161,0
DA:163,0
DA:165,0
DA:166,0
DA:168,0
DA:169,0
DA:170,0
DA:171,0
DA:173,0
DA:174,0
DA:177,0
DA:178,0
DA:179,0
DA:180,0
DA:181,0
DA:182,0
DA:187,0
LF:64
LH:36
BRDA:15,0,0,3
BRDA:15,0,1,103
BRDA:15,1,0,106
BRDA:15,1,1,104
BRDA:36,2,0,235928
BRDA:36,2,1,16904
BRDA:36,3,0,252832
BRDA:36,3,1,248506
BRDA:36,3,2,244180
BRDA:36,3,3,240054
BRDA:42,4,0,1935
BRDA:42,4,1,29669
BRDA:44,5,0,1054
BRDA:44,5,1,881
BRDA:44,6,0,1935
BRDA:44,6,1,1376
BRDA:47,7,0,831
BRDA:47,7,1,28838
BRDA:61,8,0,1
BRDA:62,9,0,1
BRDA:62,9,1,1
BRDA:65,10,0,0
BRDA:65,10,1,2
BRDA:65,11,0,2
BRDA:65,11,1,2
BRDA:84,12,0,0
BRDA:84,12,1,0
BRDA:84,13,0,0
BRDA:84,13,1,0
BRDA:84,13,2,0
BRDA:88,14,0,0
BRDA:88,14,1,0
BRDA:89,15,0,0
BRDA:89,15,1,0
BRDA:94,16,0,0
BRDA:94,16,1,0
BRDA:94,16,2,0
BRDA:94,16,3,0
BRDA:102,17,0,1
BRDA:112,18,0,3
BRDA:112,18,1,72
BRDA:112,19,0,75
BRDA:112,19,1,73
BRDA:122,20,0,0
BRDA:122,20,1,2
BRDA:122,21,0,2
BRDA:122,21,1,2
BRDA:131,22,0,3
BRDA:131,22,1,18
BRDA:140,23,0,1
BRDA:140,23,1,1
BRDA:149,24,0,2
BRDA:149,24,1,1
BRDA:163,25,0,0
BRDA:163,25,1,0
BRDA:163,26,0,0
BRDA:163,26,1,0
BRDA:181,27,0,0
BRDA:181,27,1,0
BRDA:181,28,0,0
BRDA:181,28,1,0
BRDA:181,28,2,0
BRDA:181,28,3,0
BRF:63
BRH:38
end_of_record
TN:
SF:src/services/index.js
FNF:0
FNH:0
LF:0
LH:0
BRF:0
BRH:0
end_of_record
TN:
SF:src/state/appReducer.js
FN:66,appReducer
FN:185,(anonymous_1)
FN:190,(anonymous_2)
FN:195,(anonymous_3)
FN:200,(anonymous_4)
FN:204,(anonymous_5)
FN:209,(anonymous_6)
FN:214,(anonymous_7)
FN:219,(anonymous_8)
FN:224,(anonymous_9)
FN:229,(anonymous_10)
FNF:11
FNH:1
FNDA:25,appReducer
FNDA:0,(anonymous_1)
FNDA:0,(anonymous_2)
FNDA:0,(anonymous_3)
FNDA:0,(anonymous_4)
FNDA:0,(anonymous_5)
FNDA:0,(anonymous_6)
FNDA:0,(anonymous_7)
FNDA:0,(anonymous_8)
FNDA:0,(anonymous_9)
FNDA:0,(anonymous_10)
DA:5,1
DA:35,1
DA:68,25
DA:70,25
DA:72,5
DA:78,3
DA:84,0
DA:90,3
DA:91,2
DA:97,2
DA:103,0
DA:109,4
DA:110,2
DA:119,0
DA:125,0
DA:140,2
DA:147,0
DA:153,0
DA:159,3
DA:165,1
DA:171,1
DA:178,1
DA:179,1
DA:184,1
DA:185,0
DA:190,0
DA:195,0
DA:200,0
DA:204,0
DA:209,0
DA:214,0
DA:219,0
DA:224,0
DA:229,0
LF:34
LH:18
BRDA:68,0,0,4
BRDA:68,0,1,21
BRDA:70,1,0,5
BRDA:70,1,1,3
BRDA:70,1,2,0
BRDA:70,1,3,3
BRDA:70,1,4,2
BRDA:70,1,5,0
BRDA:70,1,6,4
BRDA:70,1,7,0
BRDA:70,1,8,0
BRDA:70,1,9,2
BRDA:70,1,10,0
BRDA:70,1,11,0
BRDA:70,1,12,3
BRDA:70,1,13,1
BRDA:70,1,14,1
BRDA:70,1,15,1
BRDA:74,2,0,5
BRDA:74,2,1,1
BRDA:80,3,0,1
BRDA:80,3,1,2
BRDA:86,4,0,0
BRDA:86,4,1,0
BRDA:90,5,0,1
BRDA:90,5,1,2
BRDA:109,6,0,2
BRDA:109,6,1,2
BRDA:109,7,0,4
BRDA:109,7,1,3
BRF:30
BRH:22
end_of_record
TN:
SF:src/state/index.js
FNF:0
FNH:0
LF:0
LH:0
BRF:0
BRH:0
end_of_record
TN:
SF:src/types/gameTypes.js
FNF:0
FNH:0
LF:0
LH:0
BRF:0
BRH:0
end_of_record
TN:
SF:src/utils/canvasRenderer.js
FN:8,(anonymous_0)
FN:27,(anonymous_1)
FN:34,(anonymous_2)
FN:42,(anonymous_3)
FN:43,(anonymous_4)
FN:63,(anonymous_5)
FN:107,(anonymous_6)
FN:142,(anonymous_7)
FN:158,(anonymous_8)
FN:181,(anonymous_9)
FN:212,(anonymous_10)
FN:241,(anonymous_11)
FN:269,(anonymous_12)
FNF:13
FNH:0
FNDA:0,(anonymous_0)
FNDA:0,(anonymous_1)
FNDA:0,(anonymous_2)
FNDA:0,(anonymous_3)
FNDA:0,(anonymous_4)
FNDA:0,(anonymous_5)
FNDA:0,(anonymous_6)
FNDA:0,(anonymous_7)
FNDA:0,(anonymous_8)
FNDA:0,(anonymous_9)
FNDA:0,(anonymous_10)
FNDA:0,(anonymous_11)
FNDA:0,(anonymous_12)
DA:9,0
DA:10,0
DA:11,0
DA:12,0
DA:13,0
DA:14,0
DA:17,0
DA:28,0
DA:35,0
DA:43,0
DA:44,0
DA:45,0
DA:64,0
DA:66,0
DA:67,0
DA:70,0
DA:71,0
DA:72,0
DA:75,0
DA:76,0
DA:77,0
DA:78,0
DA:80,0
DA:82,0
DA:84,0
DA:85,0
DA:86,0
DA:87,0
DA:90,0
DA:91,0
DA:92,0
DA:93,0
DA:98,0
DA:115,0
DA:117,0
DA:118,0
DA:121,0
DA:122,0
DA:123,0
DA:124,0
DA:125,0
DA:131,0
DA:135,0
DA:137,0
DA:138,0
DA:142,0
DA:143,0
DA:144,0
DA:147,0
DA:148,0
DA:149,0
DA:150,0
DA:152,0
DA:159,0
DA:161,0
DA:162,0
DA:164,0
DA:166,0
DA:167,0
DA:168,0
DA:169,0
DA:170,0
DA:171,0
DA:172,0
DA:182,0
DA:183,0
DA:185,0
DA:186,0
DA:187,0
DA:189,0
DA:190,0
DA:191,0
DA:192,0
DA:193,0
DA:194,0
DA:195,0
DA:196,0
DA:202,0
DA:203,0
DA:214,0
DA:220,0
DA:221,0
DA:222,0
DA:224,0
DA:225,0
DA:226,0
DA:227,0
DA:228,0
DA:229,0
DA:231,0
DA:242,0
DA:243,0
DA:244,0
DA:247,0
DA:248,0
DA:249,0
DA:250,0
DA:254,0
DA:255,0
DA:256,0
DA:257,0
DA:260,0
DA:269,0
DA:270,0
DA:271,0
LF:105
LH:0
BRDA:27,0,0,0
BRDA:27,1,0,0
BRDA:63,2,0,0
BRDA:64,3,0,0
BRDA:64,4,0,0
BRDA:66,5,0,0
BRDA:66,5,1,0
BRDA:66,6,0,0
BRDA:66,6,1,0
BRDA:66,6,2,0
BRDA:72,7,0,0
BRDA:72,7,1,0
BRDA:82,8,0,0
BRDA:82,8,1,0
BRDA:82,9,0,0
BRDA:82,9,1,0
BRDA:82,9,2,0
BRDA:107,10,0,0
BRDA:118,11,0,0
BRDA:118,11,1,0
BRDA:121,12,0,0
BRDA:121,12,1,0
BRDA:121,13,0,0
BRDA:121,13,1,0
BRDA:124,14,0,0
BRDA:124,14,1,0
BRDA:137,15,0,0
BRDA:137,15,1,0
BRDA:159,16,0,0
BRDA:159,16,1,0
BRDA:159,17,0,0
BRDA:159,17,1,0
BRDA:159,17,2,0
BRDA:167,18,0,0
BRDA:167,18,1,0
BRDA:167,19,0,0
BRDA:167,19,1,0
BRDA:171,20,0,0
BRDA:171,20,1,0
BRDA:171,21,0,0
BRDA:171,21,1,0
BRDA:171,21,2,0
BRDA:171,21,3,0
BRDA:187,22,0,0
BRDA:187,22,1,0
BRDA:190,23,0,0
BRDA:190,23,1,0
BRDA:190,24,0,0
BRDA:190,24,1,0
BRDA:192,25,0,0
BRDA:192,25,1,0
BRDA:192,26,0,0
BRDA:192,26,1,0
BRDA:194,27,0,0
BRDA:194,27,1,0
BRDA:194,28,0,0
BRDA:194,28,1,0
BRDA:202,29,0,0
BRDA:202,29,1,0
BRDA:214,30,0,0
BRDA:214,30,1,0
BRDA:214,31,0,0
BRDA:214,31,1,0
BRDA:220,32,0,0
BRDA:220,32,1,0
BRDA:220,33,0,0
BRDA:220,33,1,0
BRDA:220,33,2,0
BRDA:220,33,3,0
BRDA:221,34,0,0
BRDA:221,34,1,0
BRDA:222,35,0,0
BRDA:222,35,1,0
BRDA:225,36,0,0
BRDA:225,36,1,0
BRDA:225,37,0,0
BRDA:225,37,1,0
BRDA:229,38,0,0
BRDA:229,38,1,0
BRDA:229,39,0,0
BRDA:229,39,1,0
BRDA:229,39,2,0
BRDA:229,39,3,0
BRDA:229,39,4,0
BRDA:229,39,5,0
BRF:85
BRH:0
end_of_record
TN:
SF:src/utils/canvasUtils.js
FN:9,getCenterOffsets
FN:25,gridToCenter
FN:40,centerToGrid
FN:53,calculateCanvasSize
FN:99,mouseToGrid
FN:112,gridToPixel
FN:126,isWithinBounds
FN:140,calculateOptimalCellSize
FNF:8
FNH:8
FNDA:11,getCenterOffsets
FNDA:3,gridToCenter
FNDA:3,centerToGrid
FNDA:4,calculateCanvasSize
FNDA:5,mouseToGrid
FNDA:3,gridToPixel
FNDA:15,isWithinBounds
FNDA:4,calculateOptimalCellSize
DA:10,11
DA:11,11
DA:12,11
DA:26,3
DA:27,3
DA:41,3
DA:42,3
DA:55,4
DA:56,4
DA:59,4
DA:60,4
DA:63,4
DA:64,4
DA:66,4
DA:68,2
DA:69,2
DA:71,2
DA:81,2
DA:82,2
DA:84,2
DA:100,5
DA:113,3
DA:127,15
DA:128,15
DA:129,15
DA:141,4
DA:142,4
DA:143,4
LF:28
LH:28
BRDA:10,0,0,1
BRDA:10,0,1,10
BRDA:10,1,0,10
BRDA:10,1,1,1
BRDA:11,2,0,1
BRDA:11,2,1,10
BRDA:11,3,0,11
BRDA:11,3,1,1
BRDA:11,4,0,10
BRDA:11,4,1,1
BRDA:53,5,0,2
BRDA:66,6,0,2
BRDA:66,6,1,2
BRDA:66,7,0,4
BRDA:66,7,1,2
BRDA:66,7,2,2
BRDA:76,8,0,2
BRDA:76,8,1,1
BRDA:127,9,0,15
BRDA:127,9,1,4
BRDA:128,10,0,15
BRDA:128,10,1,4
BRDA:129,11,0,15
BRDA:129,11,1,14
BRDA:129,11,2,11
BRDA:129,11,3,11
BRF:26
BRH:26
end_of_record
TN:
SF:src/utils/index.js
FNF:0
FNH:0
LF:0
LH:0
BRF:0
BRH:0
end_of_record
TN:
SF:src/utils/memoUtils.js
FN:10,(anonymous_0)
FN:20,(anonymous_1)
FN:43,(anonymous_2)
FN:54,(anonymous_3)
FN:97,(anonymous_4)
FNF:5
FNH:0
FNDA:0,(anonymous_0)
FNDA:0,(anonymous_1)
FNDA:0,(anonymous_2)
FNDA:0,(anonymous_3)
FNDA:0,(anonymous_4)
DA:10,0
DA:11,0
DA:20,0
DA:21,0
DA:22,0
DA:24,0
DA:25,0
DA:28,0
DA:29,0
DA:30,0
DA:34,0
DA:43,0
DA:44,0
DA:54,0
DA:56,0
DA:57,0
DA:61,0
DA:62,0
DA:66,0
DA:69,0
DA:73,0
DA:74,0
DA:78,0
DA:79,0
DA:83,0
DA:84,0
DA:88,0
DA:97,0
DA:99,0
DA:104,0
DA:105,0
DA:106,0
DA:110,0
LF:33
LH:0
BRDA:24,0,0,0
BRDA:24,0,1,0
BRDA:29,1,0,0
BRDA:29,1,1,0
BRDA:56,2,0,0
BRDA:56,2,1,0
BRDA:61,3,0,0
BRDA:61,3,1,0
BRDA:66,4,0,0
BRDA:66,4,1,0
BRDA:66,5,0,0
BRDA:66,5,1,0
BRDA:66,5,2,0
BRDA:73,6,0,0
BRDA:73,6,1,0
BRDA:78,7,0,0
BRDA:78,7,1,0
BRDA:83,8,0,0
BRDA:83,8,1,0
BRDA:105,9,0,0
BRDA:105,9,1,0
BRF:21
BRH:0
end_of_record
TN:
SF:src/utils/rleUtils.js
FN:8,decodeRLE
FN:70,encodeRLE
FN:185,parseRLEFile
FN:225,(anonymous_3)
FN:255,decodeMultiplePatterns
FNF:5
FNH:5
FNDA:26,decodeRLE
FNDA:5,encodeRLE
FNDA:5,parseRLEFile
FNDA:17,(anonymous_3)
FNDA:5,decodeMultiplePatterns
DA:9,26
DA:10,26
DA:11,26
DA:13,26
DA:14,45
DA:17,45
DA:18,126
DA:21,126
DA:22,23
DA:23,23
DA:25,126
DA:27,126
DA:29,126
DA:30,126
DA:32,10
DA:33,10
DA:34,116
DA:36,42
DA:37,64
DA:39,42
DA:40,42
DA:41,74
DA:43,20
DA:45,1
DA:48,19
DA:50,20
DA:51,20
DA:52,54
DA:54,24
DA:57,30
DA:62,2
DA:71,5
DA:72,1
DA:76,4
DA:77,4
DA:79,4
DA:80,15
DA:81,59
DA:82,9
DA:83,9
DA:84,9
DA:85,9
DA:90,4
DA:91,1
DA:95,3
DA:96,3
DA:97,5
DA:98,5
DA:99,5
DA:100,5
DA:103,5
DA:104,5
DA:105,5
DA:106,5
DA:110,5
DA:112,0
DA:113,0
DA:117,5
DA:118,9
DA:120,9
DA:121,0
DA:122,0
DA:124,9
DA:127,0
DA:128,0
DA:129,0
DA:131,0
DA:136,5
DA:137,5
DA:140,5
DA:144,3
DA:145,3
DA:146,3
DA:147,5
DA:149,0
DA:150,0
DA:151,0
DA:152,0
DA:155,0
DA:156,0
DA:158,0
DA:162,5
DA:163,5
DA:165,5
DA:166,2
DA:171,3
DA:186,5
DA:187,5
DA:188,5
DA:189,5
DA:191,5
DA:192,14
DA:194,4
DA:195,10
DA:197,4
DA:198,6
DA:200,6
DA:205,5
DA:206,5
DA:207,5
DA:210,5
DA:211,0
DA:221,5
DA:222,5
DA:225,5
DA:226,17
DA:231,5
DA:239,0
DA:240,0
DA:256,5
DA:258,5
DA:259,8
DA:261,7
DA:262,7
DA:264,7
DA:265,9
DA:268,0
DA:272,5
LF:118
LH:99
BRDA:21,0,0,149
BRDA:21,0,1,149
BRDA:25,1,0,103
BRDA:25,1,1,23
BRDA:27,2,0,0
BRDA:27,2,1,126
BRDA:30,3,0,10
BRDA:30,3,1,116
BRDA:34,4,0,42
BRDA:34,4,1,74
BRDA:41,5,0,20
BRDA:41,5,1,54
BRDA:43,6,0,1
BRDA:43,6,1,19
BRDA:52,7,0,24
BRDA:52,7,1,30
BRDA:71,8,0,1
BRDA:71,8,1,4
BRDA:71,9,0,5
BRDA:71,9,1,5
BRDA:81,10,0,9
BRDA:81,10,1,50
BRDA:90,11,0,1
BRDA:90,11,1,3
BRDA:104,12,0,5
BRDA:104,12,1,0
BRDA:110,13,0,0
BRDA:110,13,1,5
BRDA:118,14,0,9
BRDA:118,14,1,0
BRDA:120,15,0,0
BRDA:120,15,1,9
BRDA:121,16,0,0
BRDA:121,16,1,0
BRDA:127,17,0,0
BRDA:127,17,1,0
BRDA:128,18,0,0
BRDA:128,18,1,0
BRDA:136,19,0,5
BRDA:136,19,1,0
BRDA:137,20,0,1
BRDA:137,20,1,4
BRDA:147,21,0,0
BRDA:147,21,1,5
BRDA:150,22,0,0
BRDA:150,22,1,0
BRDA:155,23,0,0
BRDA:155,23,1,0
BRDA:165,24,0,2
BRDA:165,24,1,3
BRDA:192,25,0,4
BRDA:192,25,1,10
BRDA:195,26,0,4
BRDA:195,26,1,6
BRDA:198,27,0,6
BRDA:198,27,1,0
BRDA:198,28,0,6
BRDA:198,28,1,6
BRDA:198,28,2,6
BRDA:206,29,0,4
BRDA:206,29,1,1
BRDA:207,30,0,4
BRDA:207,30,1,1
BRDA:210,31,0,0
BRDA:210,31,1,5
BRDA:210,32,0,5
BRDA:210,32,1,5
BRDA:210,32,2,5
BRDA:210,32,3,5
BRDA:212,33,0,0
BRDA:212,33,1,0
BRDA:226,34,0,17
BRDA:226,34,1,17
BRDA:226,34,2,17
BRDA:226,34,3,17
BRDA:226,34,4,17
BRDA:226,34,5,17
BRDA:232,35,0,5
BRDA:232,35,1,1
BRDA:241,36,0,0
BRDA:241,36,1,0
BRDA:259,37,0,1
BRDA:259,37,1,7
BRDA:265,38,0,9
BRDA:265,38,1,6
BRDA:265,39,0,9
BRDA:265,39,1,4
BRF:87
BRH:64
end_of_record
